# JRE version: Java(TM) SE Runtime Environment (8.0_271-b09) (build 1.8.0_271-b09)
# Java VM: Java HotSpot(TM) 64-Bit Server VM (25.271-b09 mixed mode windows-amd64 compressed oops)
Heap:
 PSYoungGen      total 126976K, used 126945K [0x00000000d5580000, 0x00000000dde80000, 0x0000000100000000)
  eden space 113664K, 100% used [0x00000000d5580000,0x00000000dc480000,0x00000000dc480000)
  from space 13312K, 99% used [0x00000000dc480000,0x00000000dd178648,0x00000000dd180000)
  to   space 12288K, 73% used [0x00000000dd280000,0x00000000ddb64100,0x00000000dde80000)
 ParOldGen       total 86016K, used 17784K [0x0000000080000000, 0x0000000085400000, 0x00000000d5580000)
  object space 86016K, 20% used [0x0000000080000000,0x000000008115e010,0x0000000085400000)
 Metaspace       used 54197K, capacity 56960K, committed 57216K, reserved 1099776K
  class space    used 7431K, capacity 8002K, committed 8064K, reserved 1048576K
GC Heap History (10 events):
Event: 4.698 GC heap before
{Heap before GC invocations=7 (full 1):
 PSYoungGen      total 75776K, used 71782K [0x00000000d5580000, 0x00000000ddf00000, 0x0000000100000000)
  eden space 65024K, 100% used [0x00000000d5580000,0x00000000d9500000,0x00000000d9500000)
  from space 10752K, 62% used [0x00000000d9500000,0x00000000d9b99bb8,0x00000000d9f80000)
  to   space 12800K, 0% used [0x00000000dd280000,0x00000000dd280000,0x00000000ddf00000)
 ParOldGen       total 86016K, used 6977K [0x0000000080000000, 0x0000000085400000, 0x00000000d5580000)
  object space 86016K, 8% used [0x0000000080000000,0x00000000806d05e0,0x0000000085400000)
 Metaspace       used 33061K, capacity 34116K, committed 34432K, reserved 1079296K
  class space    used 4612K, capacity 4877K, committed 4992K, reserved 1048576K
Event: 4.704 GC heap after
Heap after GC invocations=7 (full 1):
 PSYoungGen      total 125952K, used 9959K [0x00000000d5580000, 0x00000000dde80000, 0x0000000100000000)
  eden space 113664K, 0% used [0x00000000d5580000,0x00000000d5580000,0x00000000dc480000)
  from space 12288K, 81% used [0x00000000dd280000,0x00000000ddc39dd0,0x00000000dde80000)
  to   space 13312K, 0% used [0x00000000dc480000,0x00000000dc480000,0x00000000dd180000)
 ParOldGen       total 86016K, used 6985K [0x0000000080000000, 0x0000000085400000, 0x00000000d5580000)
  object space 86016K, 8% used [0x0000000080000000,0x00000000806d25e0,0x0000000085400000)
 Metaspace       used 33061K, capacity 34116K, committed 34432K, reserved 1079296K
  class space    used 4612K, capacity 4877K, committed 4992K, reserved 1048576K
}
Event: 4.891 GC heap before
{Heap before GC invocations=8 (full 1):
 PSYoungGen      total 125952K, used 46337K [0x00000000d5580000, 0x00000000dde80000, 0x0000000100000000)
  eden space 113664K, 32% used [0x00000000d5580000,0x00000000d79066e8,0x00000000dc480000)
  from space 12288K, 81% used [0x00000000dd280000,0x00000000ddc39dd0,0x00000000dde80000)
  to   space 13312K, 0% used [0x00000000dc480000,0x00000000dc480000,0x00000000dd180000)
 ParOldGen       total 86016K, used 6985K [0x0000000080000000, 0x0000000085400000, 0x00000000d5580000)
  object space 86016K, 8% used [0x0000000080000000,0x00000000806d25e0,0x0000000085400000)
 Metaspace       used 34317K, capacity 35392K, committed 35496K, reserved 1079296K
  class space    used 4823K, capacity 5094K, committed 5120K, reserved 1048576K
Event: 4.900 GC heap after
Heap after GC invocations=8 (full 1):
 PSYoungGen      total 126976K, used 8781K [0x00000000d5580000, 0x00000000dde80000, 0x0000000100000000)
  eden space 113664K, 0% used [0x00000000d5580000,0x00000000d5580000,0x00000000dc480000)
  from space 13312K, 65% used [0x00000000dc480000,0x00000000dcd13450,0x00000000dd180000)
  to   space 12288K, 0% used [0x00000000dd280000,0x00000000dd280000,0x00000000dde80000)
 ParOldGen       total 86016K, used 6993K [0x0000000080000000, 0x0000000085400000, 0x00000000d5580000)
  object space 86016K, 8% used [0x0000000080000000,0x00000000806d45e0,0x0000000085400000)
 Metaspace       used 34317K, capacity 35392K, committed 35496K, reserved 1079296K
  class space    used 4823K, capacity 5094K, committed 5120K, reserved 1048576K
}
Event: 4.900 GC heap before
{Heap before GC invocations=9 (full 2):
 PSYoungGen      total 126976K, used 8781K [0x00000000d5580000, 0x00000000dde80000, 0x0000000100000000)
  eden space 113664K, 0% used [0x00000000d5580000,0x00000000d5580000,0x00000000dc480000)
  from space 13312K, 65% used [0x00000000dc480000,0x00000000dcd13450,0x00000000dd180000)
  to   space 12288K, 0% used [0x00000000dd280000,0x00000000dd280000,0x00000000dde80000)
 ParOldGen       total 86016K, used 6993K [0x0000000080000000, 0x0000000085400000, 0x00000000d5580000)
  object space 86016K, 8% used [0x0000000080000000,0x00000000806d45e0,0x0000000085400000)
 Metaspace       used 34317K, capacity 35392K, committed 35496K, reserved 1079296K
  class space    used 4823K, capacity 5094K, committed 5120K, reserved 1048576K
Event: 4.978 GC heap after
Heap after GC invocations=9 (full 2):
 PSYoungGen      total 126976K, used 0K [0x00000000d5580000, 0x00000000dde80000, 0x0000000100000000)
  eden space 113664K, 0% used [0x00000000d5580000,0x00000000d5580000,0x00000000dc480000)
  from space 13312K, 0% used [0x00000000dc480000,0x00000000dc480000,0x00000000dd180000)
  to   space 12288K, 0% used [0x00000000dd280000,0x00000000dd280000,0x00000000dde80000)
 ParOldGen       total 86016K, used 15207K [0x0000000080000000, 0x0000000085400000, 0x00000000d5580000)
  object space 86016K, 17% used [0x0000000080000000,0x0000000080ed9f40,0x0000000085400000)
 Metaspace       used 34317K, capacity 35392K, committed 35496K, reserved 1079296K
  class space    used 4823K, capacity 5094K, committed 5120K, reserved 1048576K
}
Event: 8.880 GC heap before
{Heap before GC invocations=10 (full 2):
 PSYoungGen      total 126976K, used 113664K [0x00000000d5580000, 0x00000000dde80000, 0x0000000100000000)
  eden space 113664K, 100% used [0x00000000d5580000,0x00000000dc480000,0x00000000dc480000)
  from space 13312K, 0% used [0x00000000dc480000,0x00000000dc480000,0x00000000dd180000)
  to   space 12288K, 0% used [0x00000000dd280000,0x00000000dd280000,0x00000000dde80000)
 ParOldGen       total 86016K, used 15207K [0x0000000080000000, 0x0000000085400000, 0x00000000d5580000)
  object space 86016K, 17% used [0x0000000080000000,0x0000000080ed9f40,0x0000000085400000)
 Metaspace       used 37735K, capacity 39516K, committed 39808K, reserved 1083392K
  class space    used 5313K, capacity 5692K, committed 5760K, reserved 1048576K
Event: 8.884 GC heap after
Heap after GC invocations=10 (full 2):
 PSYoungGen      total 125952K, used 6943K [0x00000000d5580000, 0x00000000dde80000, 0x0000000100000000)
  eden space 113664K, 0% used [0x00000000d5580000,0x00000000d5580000,0x00000000dc480000)
  from space 12288K, 56% used [0x00000000dd280000,0x00000000dd947ff8,0x00000000dde80000)
  to   space 13312K, 0% used [0x00000000dc480000,0x00000000dc480000,0x00000000dd180000)
 ParOldGen       total 86016K, used 15215K [0x0000000080000000, 0x0000000085400000, 0x00000000d5580000)
  object space 86016K, 17% used [0x0000000080000000,0x0000000080edbf40,0x0000000085400000)
 Metaspace       used 37735K, capacity 39516K, committed 39808K, reserved 1083392K
  class space    used 5313K, capacity 5692K, committed 5760K, reserved 1048576K
}
Event: 10.022 GC heap before
{Heap before GC invocations=11 (full 2):
 PSYoungGen      total 125952K, used 120607K [0x00000000d5580000, 0x00000000dde80000, 0x0000000100000000)
  eden space 113664K, 100% used [0x00000000d5580000,0x00000000dc480000,0x00000000dc480000)
  from space 12288K, 56% used [0x00000000dd280000,0x00000000dd947ff8,0x00000000dde80000)
  to   space 13312K, 0% used [0x00000000dc480000,0x00000000dc480000,0x00000000dd180000)
 ParOldGen       total 86016K, used 15215K [0x0000000080000000, 0x0000000085400000, 0x00000000d5580000)
  object space 86016K, 17% used [0x0000000080000000,0x0000000080edbf40,0x0000000085400000)
 Metaspace       used 48217K, capacity 50384K, committed 50688K, reserved 1093632K
  class space    used 6637K, capacity 7095K, committed 7168K, reserved 1048576K
Event: 10.032 GC heap after
Heap after GC invocations=11 (full 2):
 PSYoungGen      total 126976K, used 13281K [0x00000000d5580000, 0x00000000dde80000, 0x0000000100000000)
  eden space 113664K, 0% used [0x00000000d5580000,0x00000000d5580000,0x00000000dc480000)
  from space 13312K, 99% used [0x00000000dc480000,0x00000000dd178648,0x00000000dd180000)
  to   space 12288K, 0% used [0x00000000dd280000,0x00000000dd280000,0x00000000dde80000)
 ParOldGen       total 86016K, used 17784K [0x0000000080000000, 0x0000000085400000, 0x00000000d5580000)
  object space 86016K, 20% used [0x0000000080000000,0x000000008115e010,0x0000000085400000)
 Metaspace       used 48217K, capacity 50384K, committed 50688K, reserved 1093632K
  class space    used 6637K, capacity 7095K, committed 7168K, reserved 1048576K
}

